# Logfile created on 2014-03-09 20:44:41 -0700 by logger.rb/44203
I, [2014-03-09T20:44:41.496829 #39111]  INFO -- : 0:  i18n (0.6.1) from /Users/hollowmatt/.rvm/gems/ruby-2.1.0@waiter/specifications/i18n-0.6.1.gemspec
I, [2014-03-09T20:44:42.434834 #39111]  INFO -- : 0:  multi_json (1.7.7) from /Users/hollowmatt/.rvm/gems/ruby-2.1.0@waiter/specifications/multi_json-1.7.7.gemspec
I, [2014-03-09T20:44:44.368490 #39111]  INFO -- : 0:  activesupport (3.2.13) from /Users/hollowmatt/.rvm/gems/ruby-2.1.0@waiter/specifications/activesupport-3.2.13.gemspec
I, [2014-03-09T20:44:45.273786 #39111]  INFO -- : 0:  builder (3.0.4) from /Users/hollowmatt/.rvm/gems/ruby-2.1.0@waiter/specifications/builder-3.0.4.gemspec
I, [2014-03-09T20:44:45.798923 #39111]  INFO -- : 0:  activemodel (3.2.13) from /Users/hollowmatt/.rvm/gems/ruby-2.1.0@waiter/specifications/activemodel-3.2.13.gemspec
I, [2014-03-09T20:44:46.330188 #39111]  INFO -- : 0:  bson (1.9.0) from /Users/hollowmatt/.rvm/gems/ruby-2.1.0@waiter/specifications/bson-1.9.0.gemspec
I, [2014-03-09T20:44:49.474907 #39111]  INFO -- : 0:  bson_ext (1.9.0) from /Users/hollowmatt/.rvm/gems/ruby-2.1.0@waiter/specifications/bson_ext-1.9.0.gemspec
I, [2014-03-09T20:44:50.301516 #39111]  INFO -- : 0:  daemons (1.1.9) from /Users/hollowmatt/.rvm/gems/ruby-2.1.0@waiter/specifications/daemons-1.1.9.gemspec
I, [2014-03-09T20:44:59.099282 #39111]  INFO -- : 0:  eventmachine (1.0.3) from /Users/hollowmatt/.rvm/gems/ruby-2.1.0@waiter/specifications/eventmachine-1.0.3.gemspec
I, [2014-03-09T20:44:59.948503 #39111]  INFO -- : 0:  log_buddy (0.7.0) from /Users/hollowmatt/.rvm/gems/ruby-2.1.0@waiter/specifications/log_buddy-0.7.0.gemspec
I, [2014-03-09T20:45:01.096538 #39111]  INFO -- : 0:  mongo (1.9.0) from /Users/hollowmatt/.rvm/gems/ruby-2.1.0@waiter/specifications/mongo-1.9.0.gemspec
I, [2014-03-09T20:45:01.877715 #39111]  INFO -- : 0:  plucky (0.5.2) from /Users/hollowmatt/.rvm/gems/ruby-2.1.0@waiter/specifications/plucky-0.5.2.gemspec
I, [2014-03-09T20:45:03.441948 #39111]  INFO -- : 0:  mongo_mapper (0.12.0) from /Users/hollowmatt/.rvm/gems/ruby-2.1.0@waiter/specifications/mongo_mapper-0.12.0.gemspec
I, [2014-03-09T20:45:04.861947 #39111]  INFO -- : 0:  rack (1.4.5) from /Users/hollowmatt/.rvm/gems/ruby-2.1.0@waiter/specifications/rack-1.4.5.gemspec
I, [2014-03-09T20:45:05.581423 #39111]  INFO -- : 0:  rack-protection (1.2.0) from /Users/hollowmatt/.rvm/gems/ruby-2.1.0@waiter/specifications/rack-protection-1.2.0.gemspec
I, [2014-03-09T20:45:06.158840 #39111]  INFO -- : 0:  tilt (1.3.4) from /Users/hollowmatt/.rvm/gems/ruby-2.1.0@waiter/specifications/tilt-1.3.4.gemspec
I, [2014-03-09T20:45:07.656510 #39111]  INFO -- : 0:  sinatra (1.3.3) from /Users/hollowmatt/.rvm/gems/ruby-2.1.0@waiter/specifications/sinatra-1.3.3.gemspec
I, [2014-03-09T20:45:09.117733 #39111]  INFO -- : 0:  thin (1.5.1) from /Users/hollowmatt/.rvm/gems/ruby-2.1.0@waiter/specifications/thin-1.5.1.gemspec
I, [2014-03-09T20:45:10.845264 #39111]  INFO -- : 0:  yard (0.8.6.1) from /Users/hollowmatt/.rvm/gems/ruby-2.1.0@waiter/specifications/yard-0.8.6.1.gemspec
I, [2014-03-09T20:45:10.845631 #39111]  INFO -- : 0:  bundler (1.5.1) from /Users/hollowmatt/.rvm/gems/ruby-2.1.0@global/specifications/bundler-1.5.1.gemspec
